<?xml version="1.0" encoding="UTF-8"?>
<testng-results skipped="0" failed="0" total="1" passed="1">
  <reporter-output>
  </reporter-output>
  <suite name="Default suite" duration-ms="10128" started-at="2020-08-26T20:38:00Z" finished-at="2020-08-26T20:38:10Z">
    <groups>
    </groups>
    <test name="Default test" duration-ms="10128" started-at="2020-08-26T20:38:00Z" finished-at="2020-08-26T20:38:10Z">
      <class name="BrowserTest">
        <test-method status="PASS" signature="chromeBrowser()[pri:0, instance:BrowserTest@5f375618]" name="chromeBrowser" duration-ms="10099" started-at="2020-08-26T13:38:00Z" finished-at="2020-08-26T13:38:10Z">
          <reporter-output>
          </reporter-output>
        </test-method> <!-- chromeBrowser -->
      </class> <!-- BrowserTest -->
    </test> <!-- Default test -->
  </suite> <!-- Default suite -->
</testng-results>
